--------------------------------------------------------------------------------
Release 14.7 Trace  (lin64)
Copyright (c) 1995-2013 Xilinx, Inc.  All rights reserved.

/opt/Xilinx/14.7/ISE_DS/ISE/bin/lin64/unwrapped/trce -intstyle ise -v 3 -s 3 -n
3 -fastpaths -xml top.twx top.ncd -o top.twr top.pcf -ucf pin.ucf

Design file:              top.ncd
Physical constraint file: top.pcf
Device,package,speed:     xc6slx9,tqg144,C,-3 (PRODUCTION 1.23 2013-10-13)
Report level:             verbose report

Environment Variable      Effect 
--------------------      ------ 
NONE                      No environment variables were set
--------------------------------------------------------------------------------

INFO:Timing:2698 - No timing constraints found, doing default enumeration.
INFO:Timing:3412 - To improve timing, see the Timing Closure User Guide (UG612).
INFO:Timing:2752 - To get complete path coverage, use the unconstrained paths 
   option. All paths that are not constrained will be reported in the 
   unconstrained paths section(s) of the report.
INFO:Timing:3339 - The clock-to-out numbers in this timing report are based on 
   a 50 Ohm transmission line loading model.  For the details of this model, 
   and for more information on accounting for different loading conditions, 
   please see the device datasheet.



Data Sheet report:
-----------------
All values displayed in nanoseconds (ns)

Pad to Pad
---------------+---------------+---------+
Source Pad     |Destination Pad|  Delay  |
---------------+---------------+---------+
sw<0>          |l<0>           |    8.098|
sw<0>          |l<1>           |    8.174|
sw<0>          |l<2>           |    7.910|
sw<0>          |l<3>           |    7.976|
sw<0>          |l<4>           |    8.024|
sw<0>          |l<5>           |    6.670|
sw<0>          |l<6>           |    7.866|
sw<0>          |l<7>           |    7.252|
sw<1>          |l<0>           |    9.220|
sw<1>          |l<1>           |    8.324|
sw<1>          |l<2>           |    8.201|
sw<1>          |l<3>           |    7.724|
sw<1>          |l<4>           |    7.772|
sw<1>          |l<5>           |    6.726|
sw<1>          |l<6>           |    8.157|
sw<1>          |l<7>           |    7.543|
sw<2>          |l<0>           |    9.050|
sw<2>          |l<1>           |    8.728|
sw<2>          |l<2>           |    7.812|
sw<2>          |l<3>           |    7.711|
sw<2>          |l<4>           |    7.759|
sw<2>          |l<5>           |    6.805|
sw<2>          |l<6>           |    7.768|
sw<2>          |l<7>           |    7.154|
sw<3>          |l<0>           |    8.744|
sw<3>          |l<1>           |    8.422|
sw<3>          |l<3>           |    7.763|
sw<3>          |l<4>           |    7.811|
sw<3>          |l<5>           |    6.683|
sw<3>          |l<6>           |    6.716|
sw<3>          |l<7>           |    6.661|
sw<4>          |l<0>           |    7.614|
sw<4>          |l<1>           |    8.382|
sw<4>          |l<4>           |    7.499|
sw<4>          |l<5>           |    6.172|
sw<4>          |l<6>           |    6.619|
sw<4>          |l<7>           |    6.782|
sw<5>          |l<0>           |    7.736|
sw<5>          |l<1>           |    7.813|
sw<5>          |l<5>           |    6.254|
sw<5>          |l<6>           |    6.473|
sw<5>          |l<7>           |    6.421|
sw<6>          |l<0>           |    8.592|
sw<6>          |l<1>           |    8.285|
sw<6>          |l<6>           |    7.230|
sw<6>          |l<7>           |    7.052|
sw<7>          |l<0>           |    8.103|
sw<7>          |l<1>           |    7.972|
sw<7>          |l<7>           |    6.825|
---------------+---------------+---------+


Analysis completed Sun Oct 13 13:01:39 2024 
--------------------------------------------------------------------------------

Trace Settings:
-------------------------
Trace Settings 

Peak Memory Usage: 381 MB



